This file contains any messages produced by compilers while
running configure, to aid debugging if configure makes a mistake.

It was created by GNU CLISP configure 2.45 (2008-05-15), which was
generated by GNU Autoconf 2.62.  Invocation command line was

  $ configure --with-lightning=lightning --cache-file=config.cache

## --------- ##
## Platform. ##
## --------- ##

hostname = yann-dauphins-computer.local
uname -m = i386
uname -r = 8.11.1
uname -s = Darwin
uname -v = Darwin Kernel Version 8.11.1: Wed Oct 10 18:23:28 PDT 2007; root:xnu-792.25.20~1/RELEASE_I386

/usr/bin/uname -p = i386
/bin/uname -X     = unknown

/bin/arch              = unknown
/usr/bin/arch -k       = unknown
/usr/convex/getsysinfo = unknown
/usr/bin/hostinfo      = Mach kernel version:
	 Darwin Kernel Version 8.11.1: Wed Oct 10 18:23:28 PDT 2007; root:xnu-792.25.20~1/RELEASE_I386
Kernel configured for up to 2 processors.
2 processors are physically available.
2 processors are logically available.
Processor type: i486 (Intel 80486)
Processors active: 0 1
Primary memory available: 1.00 gigabytes
Default processor set: 69 tasks, 244 threads, 2 processors
Load average: 1.86, Mach factor: 0.59
/bin/machine           = unknown
/usr/bin/oslevel       = unknown
/bin/universe          = unknown

PATH: /sw/bin
PATH: /sw/sbin
PATH: /bin
PATH: /sbin
PATH: /usr/bin
PATH: /usr/sbin
PATH: /usr/X11R6/bin
PATH: /Users/lokee/Library/bin
PATH: /usr/local/bin


## ----------- ##
## Core tests. ##
## ----------- ##

configure:2145: creating cache config.cache
configure:2306: checking for a BSD-compatible install
configure:2374: result: /usr/bin/install -c
configure:2385: checking whether build environment is sane
configure:2428: result: yes
configure:2453: checking for a thread-safe mkdir -p
configure:2492: result: build-aux/install-sh -c -d
configure:2505: checking for gawk
configure:2521: found /sw/bin/gawk
configure:2532: result: gawk
configure:2543: checking whether make sets $(MAKE)
configure:2565: result: yes
configure:2800: [1m** check for host type[m
configure:2808: checking build system type
configure:2826: result: i386-apple-darwin8.11.1
configure:2848: checking host system type
configure:2863: result: i386-apple-darwin8.11.1
configure:2897: checking for style of include used by make
configure:2925: result: GNU
configure:2995: checking for gcc
configure:3011: found /usr/bin/gcc
configure:3022: result: gcc
configure:3260: checking for C compiler version
configure:3268: gcc --version >&5
i686-apple-darwin8-gcc-4.0.1 (GCC) 4.0.1 (Apple Computer, Inc. build 5367)
Copyright (C) 2005 Free Software Foundation, Inc.
This is free software; see the source for copying conditions.  There is NO
warranty; not even for MERCHANTABILITY or FITNESS FOR A PARTICULAR PURPOSE.

configure:3272: $? = 0
configure:3279: gcc -v >&5
Using built-in specs.
Target: i686-apple-darwin8
Configured with: /private/var/tmp/gcc/gcc-5367.obj~1/src/configure --disable-checking -enable-werror --prefix=/usr --mandir=/share/man --enable-languages=c,objc,c++,obj-c++ --program-transform-name=/^[cg][^.-]*$/s/$/-4.0/ --with-gxx-include-dir=/include/c++/4.0.0 --with-slibdir=/usr/lib --build=powerpc-apple-darwin8 --with-arch=nocona --with-tune=generic --program-prefix= --host=i686-apple-darwin8 --target=i686-apple-darwin8
Thread model: posix
gcc version 4.0.1 (Apple Computer, Inc. build 5367)
configure:3283: $? = 0
configure:3290: gcc -V >&5
gcc: argument to `-V' is missing
configure:3294: $? = 1
configure:3317: checking for C compiler default output file name
configure:3339: gcc    conftest.c  >&5
configure:3343: $? = 0
configure:3381: result: a.out
configure:3398: checking whether the C compiler works
configure:3408: ./a.out
configure:3412: $? = 0
configure:3429: result: yes
configure:3436: checking whether we are cross compiling
configure:3438: result: no
configure:3441: checking for suffix of executables
configure:3448: gcc -o conftest    conftest.c  >&5
configure:3452: $? = 0
configure:3476: result: 
configure:3482: checking for suffix of object files
configure:3508: gcc -c   conftest.c >&5
configure:3512: $? = 0
configure:3535: result: o
configure:3539: checking whether we are using the GNU C compiler
configure:3568: gcc -c   conftest.c >&5
configure:3575: $? = 0
configure:3592: result: yes
configure:3601: checking whether gcc accepts -g
configure:3631: gcc -c -g  conftest.c >&5
configure:3638: $? = 0
configure:3739: result: yes
configure:3756: checking for gcc option to accept ISO C89
configure:3830: gcc  -c -g -O2  conftest.c >&5
configure:3837: $? = 0
configure:3860: result: none needed
configure:3880: checking dependency style of gcc
configure:3971: result: gcc3
configure:3992: checking how to run the C preprocessor
configure:4032: gcc -E  conftest.c
configure:4039: $? = 0
configure:4070: gcc -E  conftest.c
conftest.c:10:28: error: ac_nonexistent.h: No such file or directory
configure:4077: $? = 1
configure: failed program was:
| /* confdefs.h.  */
| #define PACKAGE_NAME "GNU CLISP"
| #define PACKAGE_TARNAME "clisp"
| #define PACKAGE_VERSION "2.45 (2008-05-15)"
| #define PACKAGE_STRING "GNU CLISP 2.45 (2008-05-15)"
| #define PACKAGE_BUGREPORT "http://clisp.cons.org/"
| #define PACKAGE "clisp"
| #define VERSION "2.45 (2008-05-15)"
| /* end confdefs.h.  */
| #include <ac_nonexistent.h>
configure:4110: result: gcc -E
configure:4139: gcc -E  conftest.c
configure:4146: $? = 0
configure:4177: gcc -E  conftest.c
conftest.c:10:28: error: ac_nonexistent.h: No such file or directory
configure:4184: $? = 1
configure: failed program was:
| /* confdefs.h.  */
| #define PACKAGE_NAME "GNU CLISP"
| #define PACKAGE_TARNAME "clisp"
| #define PACKAGE_VERSION "2.45 (2008-05-15)"
| #define PACKAGE_STRING "GNU CLISP 2.45 (2008-05-15)"
| #define PACKAGE_BUGREPORT "http://clisp.cons.org/"
| #define PACKAGE "clisp"
| #define VERSION "2.45 (2008-05-15)"
| /* end confdefs.h.  */
| #include <ac_nonexistent.h>
configure:4222: checking for grep that handles long lines and -e
configure:4282: result: /usr/bin/grep
configure:4287: checking for egrep
configure:4351: result: /usr/bin/grep -E
configure:4531: [1m** checks for programs[m
configure:4581: checking for gcc
configure:4608: result: gcc
configure:4846: checking for C compiler version
configure:4854: gcc --version >&5
i686-apple-darwin8-gcc-4.0.1 (GCC) 4.0.1 (Apple Computer, Inc. build 5367)
Copyright (C) 2005 Free Software Foundation, Inc.
This is free software; see the source for copying conditions.  There is NO
warranty; not even for MERCHANTABILITY or FITNESS FOR A PARTICULAR PURPOSE.

configure:4858: $? = 0
configure:4865: gcc -v >&5
Using built-in specs.
Target: i686-apple-darwin8
Configured with: /private/var/tmp/gcc/gcc-5367.obj~1/src/configure --disable-checking -enable-werror --prefix=/usr --mandir=/share/man --enable-languages=c,objc,c++,obj-c++ --program-transform-name=/^[cg][^.-]*$/s/$/-4.0/ --with-gxx-include-dir=/include/c++/4.0.0 --with-slibdir=/usr/lib --build=powerpc-apple-darwin8 --with-arch=nocona --with-tune=generic --program-prefix= --host=i686-apple-darwin8 --target=i686-apple-darwin8
Thread model: posix
gcc version 4.0.1 (Apple Computer, Inc. build 5367)
configure:4869: $? = 0
configure:4876: gcc -V >&5
gcc: argument to `-V' is missing
configure:4880: $? = 1
configure:4883: checking whether we are using the GNU C compiler
configure:4936: result: yes
configure:4945: checking whether gcc accepts -g
configure:5083: result: yes
configure:5100: checking for gcc option to accept ISO C89
configure:5204: result: none needed
configure:5224: checking dependency style of gcc
configure:5315: result: gcc3
configure:5334: checking how to run the C preprocessor
configure:5452: result: gcc -E
configure:5481: gcc -E  conftest.c
configure:5488: $? = 0
configure:5519: gcc -E  conftest.c
conftest.c:13:28: error: ac_nonexistent.h: No such file or directory
configure:5526: $? = 1
configure: failed program was:
| /* confdefs.h.  */
| #define PACKAGE_NAME "GNU CLISP"
| #define PACKAGE_TARNAME "clisp"
| #define PACKAGE_VERSION "2.45 (2008-05-15)"
| #define PACKAGE_STRING "GNU CLISP 2.45 (2008-05-15)"
| #define PACKAGE_BUGREPORT "http://clisp.cons.org/"
| #define PACKAGE "clisp"
| #define VERSION "2.45 (2008-05-15)"
| #ifndef __i386__
| #define __i386__ 1
| #endif
| /* end confdefs.h.  */
| #include <ac_nonexistent.h>
configure:5605: checking for ranlib
configure:5621: found /usr/bin/ranlib
configure:5632: result: ranlib
configure:5659: checking whether gcc and cc understand -c and -o together
configure:5694: gcc -c conftest.c -o conftest2.o >&5
configure:5698: $? = 0
configure:5704: gcc -c conftest.c -o conftest2.o >&5
configure:5708: $? = 0
configure:5719: cc -c conftest.c >&5
configure:5723: $? = 0
configure:5731: cc -c conftest.c -o conftest2.o >&5
configure:5735: $? = 0
configure:5741: cc -c conftest.c -o conftest2.o >&5
configure:5745: $? = 0
configure:5763: result: yes
configure:5789: checking for ANSI C header files
configure:5819: gcc -c -g -O2  conftest.c >&5
configure:5826: $? = 0
configure:5922: gcc -o conftest -g -O2   conftest.c  >&5
configure:5926: $? = 0
configure:5932: ./conftest
configure:5936: $? = 0
configure:5954: result: yes
configure:5978: checking for sys/types.h
configure:5999: gcc -c -g -O2  conftest.c >&5
configure:6006: $? = 0
configure:6023: result: yes
configure:5978: checking for sys/stat.h
configure:5999: gcc -c -g -O2  conftest.c >&5

## ---------------- ##
## Cache variables. ##
## ---------------- ##

ac_cv_build=i386-apple-darwin8.11.1
ac_cv_c_compiler_gnu=yes
ac_cv_env_CCC_set=
ac_cv_env_CCC_value=
ac_cv_env_CC_set=
ac_cv_env_CC_value=
ac_cv_env_CFLAGS_set=
ac_cv_env_CFLAGS_value=
ac_cv_env_CPPFLAGS_set=
ac_cv_env_CPPFLAGS_value=
ac_cv_env_CPP_set=
ac_cv_env_CPP_value=
ac_cv_env_CXXCPP_set=
ac_cv_env_CXXCPP_value=
ac_cv_env_CXXFLAGS_set=
ac_cv_env_CXXFLAGS_value=
ac_cv_env_CXX_set=
ac_cv_env_CXX_value=
ac_cv_env_F77_set=
ac_cv_env_F77_value=
ac_cv_env_FFLAGS_set=
ac_cv_env_FFLAGS_value=
ac_cv_env_LDFLAGS_set=
ac_cv_env_LDFLAGS_value=
ac_cv_env_LIBS_set=
ac_cv_env_LIBS_value=
ac_cv_env_XMKMF_set=
ac_cv_env_XMKMF_value=
ac_cv_env_build_alias_set=
ac_cv_env_build_alias_value=
ac_cv_env_host_alias_set=
ac_cv_env_host_alias_value=
ac_cv_env_target_alias_set=
ac_cv_env_target_alias_value=
ac_cv_header_stdc=yes
ac_cv_header_sys_types_h=yes
ac_cv_host=i386-apple-darwin8.11.1
ac_cv_objext=o
ac_cv_path_EGREP='/usr/bin/grep -E'
ac_cv_path_GREP=/usr/bin/grep
ac_cv_path_INTLTOOL_PERL=/usr/bin/perl
ac_cv_path_install='/usr/bin/install -c'
ac_cv_prog_AWK=gawk
ac_cv_prog_CPP='gcc -E'
ac_cv_prog_ac_ct_CC=gcc
ac_cv_prog_ac_ct_RANLIB=ranlib
ac_cv_prog_cc_c89=
ac_cv_prog_cc_g=yes
ac_cv_prog_cc_gcc_c_o=yes
ac_cv_prog_make_make_set=yes
am_cv_CC_dependencies_compiler_type=gcc3

## ----------------- ##
## Output variables. ##
## ----------------- ##

ACLOCAL='${SHELL} /Users/lokee/Desktop/clisp-ynd/src/build-aux/missing --run aclocal-1.10'
ALLOCA=''
ALLOCA_H=''
AMDEPBACKSLASH='\'
AMDEP_FALSE='#'
AMDEP_TRUE=''
AMTAR='${SHELL} /Users/lokee/Desktop/clisp-ynd/src/build-aux/missing --run tar'
AR=''
AS=''
AS_UNDERSCORE=''
AUTOCONF='${SHELL} /Users/lokee/Desktop/clisp-ynd/src/build-aux/missing --run autoconf'
AUTOHEADER='${SHELL} /Users/lokee/Desktop/clisp-ynd/src/build-aux/missing --run autoheader'
AUTOMAKE='${SHELL} /Users/lokee/Desktop/clisp-ynd/src/build-aux/missing --run automake-1.10'
AWK='gawk'
BITSIZEOF_PTRDIFF_T=''
BITSIZEOF_SIG_ATOMIC_T=''
BITSIZEOF_SIZE_T=''
BITSIZEOF_WCHAR_T=''
BITSIZEOF_WINT_T=''
CC='gcc'
CCDEPMODE='depmode=gcc3'
CC_CPLUSPLUS=''
CC_GCC=''
CC_NEED_CCPAUX=''
CC_NEED_DEEMA=''
CC_SUNPRO=''
CFLAGS='-g -O2'
COMPRESS=''
CP=''
CPP='gcc -E'
CPPFLAGS=''
CXX=''
CXXCPP=''
CXXDEPMODE=''
CXXFLAGS=''
CYGPATH_W='echo'
DEFS=''
DEPDIR='.deps'
DLLTOOL=''
DSYMUTIL=''
DVIPDF=''
ECHO='echo'
ECHO_C=''
ECHO_N='-n'
ECHO_T=''
EGREP='/usr/bin/grep -E'
EXEEXT=''
F77=''
FFLAGS=''
FNMATCH_H=''
GCC_X_NONE=''
GETTEXT_MACRO_VERSION=''
GLIBC21=''
GL_COND_LIBTOOL_FALSE=''
GL_COND_LIBTOOL_TRUE=''
GMSGFMT=''
GMSGFMT_015=''
GNULIB_CALLOC_POSIX=''
GNULIB_CHOWN=''
GNULIB_DUP2=''
GNULIB_ENVIRON=''
GNULIB_FCHDIR=''
GNULIB_FTRUNCATE=''
GNULIB_GETCWD=''
GNULIB_GETLOGIN_R=''
GNULIB_GETPAGESIZE=''
GNULIB_GETSUBOPT=''
GNULIB_LCHOWN=''
GNULIB_LSEEK=''
GNULIB_MALLOC_POSIX=''
GNULIB_MKDTEMP=''
GNULIB_MKSTEMP=''
GNULIB_PUTENV=''
GNULIB_READLINK=''
GNULIB_REALLOC_POSIX=''
GNULIB_SETENV=''
GNULIB_SLEEP=''
GNULIB_UNSETENV=''
GNULIB_WCWIDTH=''
GNU_MAKE=''
GREP='/usr/bin/grep'
GROFF=''
HAVE_CALLOC_POSIX=''
HAVE_DECL_ENVIRON=''
HAVE_DECL_GETLOGIN_R=''
HAVE_DECL_WCWIDTH=''
HAVE_DUP2=''
HAVE_FTRUNCATE=''
HAVE_GETPAGESIZE=''
HAVE_GETSUBOPT=''
HAVE_INTTYPES_H=''
HAVE_ISWCNTRL=''
HAVE_LONG_LONG_INT=''
HAVE_MALLOC_POSIX=''
HAVE_MKDTEMP=''
HAVE_OS_H=''
HAVE_READLINK=''
HAVE_REALLOC_POSIX=''
HAVE_SETENV=''
HAVE_SIGNED_SIG_ATOMIC_T=''
HAVE_SIGNED_WCHAR_T=''
HAVE_SIGNED_WINT_T=''
HAVE_SLEEP=''
HAVE_STDINT_H=''
HAVE_SYS_BITYPES_H=''
HAVE_SYS_INTTYPES_H=''
HAVE_SYS_PARAM_H=''
HAVE_SYS_TYPES_H=''
HAVE_UNISTD_H=''
HAVE_UNSETENV=''
HAVE_UNSIGNED_LONG_LONG_INT=''
HAVE_WCHAR_H=''
HAVE_WCTYPE_H=''
HAVE_WINT_T=''
HAVE__BOOL=''
HLN=''
INCLUDE_NEXT=''
INCTERMCAP=''
INSTALL_DATA='${INSTALL} -m 644'
INSTALL_PROGRAM='${INSTALL}'
INSTALL_SCRIPT='${INSTALL}'
INSTALL_STRIP_PROGRAM='$(install_sh) -c -s'
INTLLIBS=''
INTL_MACOSX_LIBS=''
LDFLAGS=''
LIBAVCALL=''
LIBAVCALL_PREFIX=''
LIBCALLBACK=''
LIBCALLBACK_PREFIX=''
LIBICONV=''
LIBINTL=''
LIBOBJS=''
LIBS=''
LIBSIGSEGV=''
LIBTERMCAP=''
LIBTOOL=''
LN=''
LN_S=''
LOCALCHARSET_TESTS_ENVIRONMENT=''
LTALLOCA=''
LTLIBAVCALL=''
LTLIBCALLBACK=''
LTLIBICONV=''
LTLIBINTL=''
LTLIBOBJS=''
LTLIBSIGSEGV=''
MAKE=''
MAKEINFO='${SHELL} /Users/lokee/Desktop/clisp-ynd/src/build-aux/missing --run makeinfo'
MKDIR_P='build-aux/install-sh -c -d'
MSGFMT=''
MSGFMT_015=''
MSGMERGE=''
NEXT_STDINT_H=''
NEXT_STDLIB_H=''
NEXT_UNISTD_H=''
NEXT_WCHAR_H=''
NEXT_WCTYPE_H=''
NMEDIT=''
OBJDUMP=''
OBJEXT='o'
PACKAGE='clisp'
PACKAGE_BUGREPORT='http://clisp.cons.org/'
PACKAGE_NAME='GNU CLISP'
PACKAGE_STRING='GNU CLISP 2.45 (2008-05-15)'
PACKAGE_TARNAME='clisp'
PACKAGE_VERSION='2.45 (2008-05-15)'
PATH_SEPARATOR=':'
POSUB=''
PTRDIFF_T_SUFFIX=''
RANLIB='ranlib'
REPLACE_CHOWN=''
REPLACE_FCHDIR=''
REPLACE_GETCWD=''
REPLACE_GETPAGESIZE=''
REPLACE_LCHOWN=''
REPLACE_LSEEK=''
REPLACE_MKSTEMP=''
REPLACE_PUTENV=''
REPLACE_WCWIDTH=''
SED=''
SET_MAKE=''
SHELL='/bin/sh'
SIG_ATOMIC_T_SUFFIX=''
SIZE_T_SUFFIX=''
STDBOOL_H=''
STDINT_H=''
STRIP=''
TEST_NT=''
USE_NLS=''
VERSION='2.45 (2008-05-15)'
VOID_UNSETENV=''
WCHAR_H=''
WCHAR_T_SUFFIX=''
WCTYPE_H=''
WINT_T_SUFFIX=''
XGETTEXT=''
XGETTEXT_015=''
XGETTEXT_EXTRA_OPTIONS=''
XMKMF=''
X_CFLAGS=''
X_EXTRA_LIBS=''
X_LIBS=''
X_PRE_LIBS=''
ac_ct_CC='gcc'
ac_ct_CXX=''
ac_ct_F77=''
am__fastdepCC_FALSE='#'
am__fastdepCC_TRUE=''
am__fastdepCXX_FALSE=''
am__fastdepCXX_TRUE=''
am__include='include'
am__isrc=''
am__leading_dot='.'
am__quote=''
am__tar='${AMTAR} chof - "$$tardir"'
am__untar='${AMTAR} xf -'
bindir='${exec_prefix}/bin'
build='i386-apple-darwin8.11.1'
build_alias=''
build_cpu='i386'
build_os='darwin8.11.1'
build_vendor='apple'
datadir='${datarootdir}'
datarootdir='${prefix}/share'
docdir='${datarootdir}/doc/${PACKAGE_TARNAME}'
dvidir='${docdir}'
exec_prefix='NONE'
gl_LIBOBJS=''
gl_LTLIBOBJS=''
gltests_LIBOBJS=''
gltests_LTLIBOBJS=''
host='i386-apple-darwin8.11.1'
host_alias=''
host_cpu='i386'
host_os='darwin8.11.1'
host_vendor='apple'
htmldir='${docdir}'
includedir='${prefix}/include'
infodir='${datarootdir}/info'
install_sh='$(SHELL) /Users/lokee/Desktop/clisp-ynd/src/build-aux/install-sh'
libdir='${exec_prefix}/lib'
libexecdir='${exec_prefix}/libexec'
localedir='${datarootdir}/locale'
localstatedir='${prefix}/var'
mandir='${datarootdir}/man'
mkdir_p='$(top_builddir)/build-aux/install-sh -c -d'
oldincludedir='/usr/include'
pdfdir='${docdir}'
prefix='NONE'
program_transform_name='s,x,x,'
psdir='${docdir}'
sbindir='${exec_prefix}/sbin'
sharedstatedir='${prefix}/com'
sysconfdir='${prefix}/etc'
target_alias=''

## ----------- ##
## confdefs.h. ##
## ----------- ##

#define PACKAGE_NAME "GNU CLISP"
#define PACKAGE_TARNAME "clisp"
#define PACKAGE_VERSION "2.45 (2008-05-15)"
#define PACKAGE_STRING "GNU CLISP 2.45 (2008-05-15)"
#define PACKAGE_BUGREPORT "http://clisp.cons.org/"
#define PACKAGE "clisp"
#define VERSION "2.45 (2008-05-15)"
#ifndef __i386__
#define __i386__ 1
#endif
#define STDC_HEADERS 1
#define HAVE_SYS_TYPES_H 1

configure: caught signal 2
configure: exit 1
